<?xml version="1.0" encoding="UTF-8"?>
<!-- Generated by org.testng.reporters.JUnitReportReporter -->
<testsuite skipped="0" hostname="LAPTOP-EECF3B8F" name="restassured.restassure.Test_Post" tests="1" failures="0" timestamp="2021-05-10T19:36:07 IST" time="13.567" errors="0">
  <testcase name="post_1" time="13.567" classname="restassured.restassure.Test_Post"/>
  <system-out/>
</testsuite> <!-- restassured.restassure.Test_Post -->
