<?xml version="1.0" encoding="UTF-8"?>
<!-- Generated by org.testng.reporters.JUnitReportReporter -->
<testsuite skipped="0" hostname="LAPTOP-EECF3B8F" name="restassured.restassure.Test_delete" tests="1" failures="0" timestamp="2021-05-10T20:01:00 IST" time="3.971" errors="0">
  <testcase name="delete_1" time="3.971" classname="restassured.restassure.Test_delete"/>
  <system-out/>
</testsuite> <!-- restassured.restassure.Test_delete -->
