<?xml version="1.0" encoding="UTF-8"?>
<!-- Generated by org.testng.reporters.JUnitReportReporter -->
<testsuite skipped="0" hostname="LAPTOP-EECF3B8F" name="restassured.restassure.Test_new" tests="2" failures="0" timestamp="2021-05-10T19:50:06 IST" time="5.857" errors="0">
  <testcase name="test_01" time="3.955" classname="restassured.restassure.Test_new"/>
  <system-out/>
  <testcase name="test_02" time="1.902" classname="restassured.restassure.Test_new"/>
  <system-out/>
</testsuite> <!-- restassured.restassure.Test_new -->
