<?xml version="1.0" encoding="UTF-8"?>
<!-- Generated by org.testng.reporters.JUnitReportReporter -->
<testsuite skipped="0" hostname="LAPTOP-EECF3B8F" name="restassured.restassure.Test_put" tests="1" failures="0" timestamp="2021-05-10T19:54:28 IST" time="4.396" errors="0">
  <testcase name="put_1" time="4.396" classname="restassured.restassure.Test_put"/>
  <system-out/>
</testsuite> <!-- restassured.restassure.Test_put -->
