<?xml version="1.0" encoding="UTF-8"?>
<!-- Generated by org.testng.reporters.JUnitReportReporter -->
<testsuite skipped="0" hostname="LAPTOP-EECF3B8F" name="restassured.restassure.SpaceXAPI" tests="1" failures="0" timestamp="2021-10-08T00:43:30 IST" time="5.514" errors="0">
  <testcase name="test_01" time="5.514" classname="restassured.restassure.SpaceXAPI"/>
  <system-out/>
</testsuite> <!-- restassured.restassure.SpaceXAPI -->
