<?xml version="1.0" encoding="UTF-8"?>
<!-- Generated by org.testng.reporters.JUnitReportReporter -->
<testsuite skipped="0" hostname="LAPTOP-EECF3B8F" name="tests.BookAFlightTest" tests="4" failures="0" timestamp="2021-10-07T23:39:25 IST" time="9.427" errors="0">
  <testcase name="chooseLowestPricedAirline" time="1.343" classname="tests.BookAFlightTest"/>
  <system-out/>
  <testcase name="purchaseFlightTicket" time="3.115" classname="tests.BookAFlightTest"/>
  <system-out/>
  <testcase name="searchForFlights" time="4.819" classname="tests.BookAFlightTest"/>
  <system-out/>
  <testcase name="bookingConfirmed" time="0.150" classname="tests.BookAFlightTest"/>
  <system-out/>
</testsuite> <!-- tests.BookAFlightTest -->
